\BOOKMARK [1][-]{section.1}{\376\377\000T\000e\000m\000p\000l\000a\000t\000e}{}% 1
\BOOKMARK [2][-]{subsection.1.1}{\376\377\000T\000e\000m\000p\000l\000a\000t\000e\000\040\000C\000+\000+}{section.1}% 2
\BOOKMARK [1][-]{section.2}{\376\377\000M\000a\000t\000h}{}% 3
\BOOKMARK [2][-]{subsection.2.1}{\376\377\000F\000a\000s\000t\000\040\000p\000o\000w\000\040\000-\000\040\000i\000n\000v\000e\000r\000s\000e\000\040\000w\000i\000t\000h\000\040\000m\000o\000d}{section.2}% 4
\BOOKMARK [2][-]{subsection.2.2}{\376\377\000P\000r\000i\000m\000e\000s}{section.2}% 5
\BOOKMARK [2][-]{subsection.2.3}{\376\377\000B\000i\000t\000\040\000o\000p\000e\000r\000a\000t\000i\000o\000n\000s}{section.2}% 6
\BOOKMARK [2][-]{subsection.2.4}{\376\377\000M\000a\000t\000r\000i\000x\000\040\000m\000u\000l\000t\000i\000p\000l\000i\000c\000a\000t\000i\000o\000n\000\040\000a\000n\000d\000\040\000e\000x\000p\000o\000n\000e\000n\000t\000a\000t\000i\000o\000n}{section.2}% 7
\BOOKMARK [2][-]{subsection.2.5}{\376\377\000B\000i\000n\000a\000m\000i\000a\000l\000\040\000c\000o\000e\000f\000f\000i\000c\000i\000e\000n\000t}{section.2}% 8
\BOOKMARK [2][-]{subsection.2.6}{\376\377\000C\000a\000t\000a\000l\000a\000n\000\040\000n\000u\000m\000b\000e\000r\000s}{section.2}% 9
\BOOKMARK [1][-]{section.3}{\376\377\000D\000a\000t\000a\000\040\000s\000t\000r\000u\000c\000t\000u\000r\000e}{}% 10
\BOOKMARK [2][-]{subsection.3.1}{\376\377\000U\000n\000i\000o\000n\000\040\000f\000i\000n\000d\000\040\000\050\000D\000S\000U\000\051}{section.3}% 11
\BOOKMARK [2][-]{subsection.3.2}{\376\377\000U\000n\000i\000o\000n\000\040\000f\000i\000n\000d\000\040\000\050\000D\000S\000U\000\051\000\040\000w\000i\000t\000h\000\040\000r\000o\000l\000l\000b\000a\000c\000k}{section.3}% 12
\BOOKMARK [2][-]{subsection.3.3}{\376\377\000M\000o\000n\000o\000t\000o\000n\000i\000c\000\040\000s\000t\000a\000c\000k}{section.3}% 13
\BOOKMARK [2][-]{subsection.3.4}{\376\377\000B\000i\000n\000a\000r\000y\000\040\000i\000n\000d\000e\000x\000e\000d\000\040\000t\000r\000e\000e}{section.3}% 14
\BOOKMARK [2][-]{subsection.3.5}{\376\377\000F\000e\000n\000w\000i\000c\000k\000\040\000t\000r\000e\000e}{section.3}% 15
\BOOKMARK [2][-]{subsection.3.6}{\376\377\000S\000e\000g\000m\000e\000n\000t\000e\000\040\000t\000r\000e\000e}{section.3}% 16
\BOOKMARK [2][-]{subsection.3.7}{\376\377\000S\000e\000g\000m\000e\000n\000t\000e\000\040\000t\000r\000e\000e\000\040\000w\000i\000t\000h\000\040\000l\000a\000z\000y\000\040\000p\000r\000o\000p\000a\000g\000a\000t\000i\000o\000n}{section.3}% 17
\BOOKMARK [2][-]{subsection.3.8}{\376\377\000S\000e\000g\000m\000e\000n\000t\000e\000\040\000t\000r\000e\000e\000\040\000R\000M\000Q\000\040\000w\000i\000t\000h\000\040\000l\000a\000z\000y\000\040\000p\000r\000o\000p\000a\000g\000a\000t\000i\000o\000n}{section.3}% 18
\BOOKMARK [2][-]{subsection.3.9}{\376\377\000S\000e\000g\000m\000e\000n\000t\000\040\000t\000r\000e\000e\000\040\000o\000f\000\040\000D\000S\000U\000\040\000w\000i\000t\000h\000\040\000r\000o\000l\000l\000b\000a\000c\000k}{section.3}% 19
\BOOKMARK [2][-]{subsection.3.10}{\376\377\000S\000p\000a\000r\000s\000e\000\040\000t\000a\000b\000l\000e}{section.3}% 20
\BOOKMARK [2][-]{subsection.3.11}{\376\377\000O\000r\000d\000e\000r\000\040\000s\000t\000a\000t\000i\000s\000t\000i\000c\000s\000\040\000t\000r\000e\000e}{section.3}% 21
\BOOKMARK [2][-]{subsection.3.12}{\376\377\000B\000i\000n\000a\000r\000y\000\040\000s\000e\000a\000r\000c\000h\000\040\000t\000r\000e\000e}{section.3}% 22
\BOOKMARK [1][-]{section.4}{\376\377\000G\000r\000a\000p\000h\000s}{}% 23
\BOOKMARK [2][-]{subsection.4.1}{\376\377\000G\000r\000a\000p\000h\000\040\000t\000r\000a\000v\000e\000r\000s\000a\000l}{section.4}% 24
\BOOKMARK [2][-]{subsection.4.2}{\376\377\000D\000i\000j\000k\000s\000t\000r\000a}{section.4}% 25
\BOOKMARK [2][-]{subsection.4.3}{\376\377\000B\000e\000l\000l\000m\000a\000n\000-\000F\000o\000r\000d}{section.4}% 26
\BOOKMARK [2][-]{subsection.4.4}{\376\377\000F\000l\000o\000y\000d\000-\000W\000a\000r\000s\000h\000a\000l}{section.4}% 27
\BOOKMARK [2][-]{subsection.4.5}{\376\377\000T\000o\000p\000o\000l\000o\000g\000i\000c\000a\000l\000\040\000s\000o\000r\000t}{section.4}% 28
\BOOKMARK [2][-]{subsection.4.6}{\376\377\000L\000e\000x\000i\000c\000o\000g\000r\000a\000p\000h\000i\000c\000\040\000g\000r\000a\000p\000h\000s\000/\000t\000o\000p\000o\000l\000o\000g\000i\000c\000a\000l\000\040\000s\000o\000r\000t}{section.4}% 29
\BOOKMARK [2][-]{subsection.4.7}{\376\377\000P\000r\000i\000m}{section.4}% 30
\BOOKMARK [2][-]{subsection.4.8}{\376\377\000K\000r\000u\000s\000k\000a\000l}{section.4}% 31
\BOOKMARK [2][-]{subsection.4.9}{\376\377\000T\000a\000r\000j\000a\000n}{section.4}% 32
\BOOKMARK [2][-]{subsection.4.10}{\376\377\000K\000o\000s\000a\000r\000a\000j\000u}{section.4}% 33
\BOOKMARK [2][-]{subsection.4.11}{\376\377\000B\000r\000i\000d\000g\000e\000s\000\040\000a\000n\000d\000\040\000a\000r\000t\000i\000c\000u\000l\000a\000t\000i\000o\000n\000\040\000p\000o\000i\000n\000t\000s}{section.4}% 34
\BOOKMARK [2][-]{subsection.4.12}{\376\377\0002\000\040\000S\000A\000T}{section.4}% 35
\BOOKMARK [2][-]{subsection.4.13}{\376\377\000L\000o\000w\000e\000s\000t\000\040\000c\000o\000m\000m\000o\000n\000\040\000a\000n\000c\000e\000s\000t\000o\000r}{section.4}% 36
\BOOKMARK [2][-]{subsection.4.14}{\376\377\000M\000a\000x\000-\000f\000l\000o\000w\000\040\000\050\000D\000i\000n\000i\000c\000\051}{section.4}% 37
\BOOKMARK [2][-]{subsection.4.15}{\376\377\000M\000i\000n\000-\000c\000o\000s\000t\000\040\000m\000a\000x\000-\000f\000l\000o\000w}{section.4}% 38
\BOOKMARK [2][-]{subsection.4.16}{\376\377\000K\000u\000h\000n\000\040\000B\000P\000M}{section.4}% 39
\BOOKMARK [1][-]{section.5}{\376\377\000S\000t\000r\000i\000n\000g\000s}{}% 40
\BOOKMARK [2][-]{subsection.5.1}{\376\377\000K\000n\000u\000t\000h\000\040\000M\000o\000r\000r\000i\000s\000\040\000P\000r\000a\000t\000t\000\040\000\050\000K\000M\000P\000\051}{section.5}% 41
\BOOKMARK [2][-]{subsection.5.2}{\376\377\000T\000r\000i\000e}{section.5}% 42
\BOOKMARK [2][-]{subsection.5.3}{\376\377\000H\000a\000s\000h\000i\000n\000g}{section.5}% 43
\BOOKMARK [2][-]{subsection.5.4}{\376\377\000A\000h\000o\000-\000C\000o\000r\000a\000s\000i\000c\000k}{section.5}% 44
\BOOKMARK [1][-]{section.6}{\376\377\000D\000y\000n\000a\000m\000i\000c\000\040\000p\000r\000o\000g\000r\000a\000m\000m\000i\000n\000g}{}% 45
\BOOKMARK [2][-]{subsection.6.1}{\376\377\000K\000n\000a\000p\000s\000a\000c\000k}{section.6}% 46
\BOOKMARK [2][-]{subsection.6.2}{\376\377\000K\000n\000a\000p\000s\000a\000c\000k\000\040\0002}{section.6}% 47
\BOOKMARK [2][-]{subsection.6.3}{\376\377\000L\000o\000n\000g\000e\000s\000t\000\040\000i\000n\000c\000r\000e\000a\000s\000i\000n\000g\000\040\000s\000u\000b\000s\000e\000q\000u\000e\000n\000c\000e}{section.6}% 48
\BOOKMARK [2][-]{subsection.6.4}{\376\377\000S\000u\000m\000\040\000o\000f\000\040\000d\000i\000g\000i\000t\000s\000\040\000i\000n\000\040\000a\000\040\000r\000a\000n\000g\000e}{section.6}% 49
\BOOKMARK [2][-]{subsection.6.5}{\376\377\000E\000n\000i\000g\000m\000a\000\040\000r\000e\000g\000i\000o\000n\000a\000l\000\040\0002\0000\0001\0007}{section.6}% 50
\BOOKMARK [2][-]{subsection.6.6}{\376\377\000L\000i\000t\000t\000l\000e\000\040\000e\000l\000e\000p\000h\000a\000n\000t\000\040\000a\000n\000d\000\040\000T\000\040\000s\000h\000i\000r\000t\000s\000\040\000-\000\040\000C\000o\000d\000e\000C\000h\000e\000f}{section.6}% 51
\BOOKMARK [2][-]{subsection.6.7}{\376\377\000O\000-\000M\000a\000t\000c\000h\000i\000n\000g\000\040\000A\000t\000C\000o\000d\000e\000r}{section.6}% 52
